{"level":"info","message":"Scheduled bill checks initialized","service":"api-service","timestamp":"2025-10-16 16:54:07"}
{"level":"error","message":"An unexpected error occurred No listings found for this landlord","service":"api-service","stack":"Error: No listings found for this landlord\n    at PropertyService.getPropertyListingDetails (/Users/apple/Desktop/asher/asher_backy/src/services/propertyServices.ts:569:23)\n    at async getActivePropsListing (/Users/apple/Desktop/asher/asher_backy/src/landlord/controllers/properties.controller.ts:544:40)","timestamp":"2025-10-16 17:00:58"}
{"level":"info","message":"Scheduled bill checks initialized","service":"api-service","timestamp":"2025-10-16 17:06:39"}
{"level":"info","message":"Scheduled bill checks initialized","service":"api-service","timestamp":"2025-10-16 17:09:02"}
{"level":"info","message":"Scheduled bill checks initialized","service":"api-service","timestamp":"2025-10-16 17:09:50"}
{"level":"info","message":"Scheduled bill checks initialized","service":"api-service","timestamp":"2025-10-16 17:09:52"}
{"level":"info","message":"Scheduled bill checks initialized","service":"api-service","timestamp":"2025-10-16 17:09:54"}
{"level":"info","message":"Scheduled bill checks initialized","service":"api-service","timestamp":"2025-10-16 17:10:03"}
{"level":"info","message":"Scheduled bill checks initialized","service":"api-service","timestamp":"2025-10-16 17:10:05"}
{"level":"info","message":"Scheduled bill checks initialized","service":"api-service","timestamp":"2025-10-16 17:10:07"}
{"level":"info","message":"Scheduled bill checks initialized","service":"api-service","timestamp":"2025-10-16 17:10:09"}
{"level":"info","message":"Scheduled bill checks initialized","service":"api-service","timestamp":"2025-10-16 17:10:14"}
{"level":"info","message":"Scheduled bill checks initialized","service":"api-service","timestamp":"2025-10-16 17:10:45"}
{"level":"info","message":"Scheduled bill checks initialized","service":"api-service","timestamp":"2025-10-16 17:11:27"}
{"level":"info","message":"Scheduled bill checks initialized","service":"api-service","timestamp":"2025-10-16 17:11:30"}
{"level":"info","message":"Scheduled bill checks initialized","service":"api-service","timestamp":"2025-10-16 17:11:32"}
{"level":"info","message":"Scheduled bill checks initialized","service":"api-service","timestamp":"2025-10-16 17:11:43"}
{"level":"info","message":"Scheduled bill checks initialized","service":"api-service","timestamp":"2025-10-17 18:08:22"}
{"level":"error","message":"An unexpected error occurred Property not found","service":"api-service","stack":"Error: Property not found\n    at PropertyService.getPropertyById (/Users/apple/Desktop/asher/asher_backy/src/services/propertyServices.ts:1931:27)\n    at async getPropertyById (/Users/apple/Desktop/asher/asher_backy/src/controllers/property.controller.ts:287:30)","timestamp":"2025-10-17 18:09:09"}
{"level":"info","message":"Scheduled bill checks initialized","service":"api-service","timestamp":"2025-10-17 18:10:18"}
{"level":"info","message":"Scheduled bill checks initialized","service":"api-service","timestamp":"2025-10-17 18:10:20"}
{"level":"error","message":"An unexpected error occurred Property not found","service":"api-service","stack":"Error: Property not found\n    at PropertyService.getPropertyById (/Users/apple/Desktop/asher/asher_backy/src/services/propertyServices.ts:1931:27)\n    at async getPropertyById (/Users/apple/Desktop/asher/asher_backy/src/controllers/property.controller.ts:290:30)","timestamp":"2025-10-17 18:10:42"}
{"level":"info","message":"Scheduled bill checks initialized","service":"api-service","timestamp":"2025-10-17 18:11:12"}
{"level":"info","message":"Scheduled bill checks initialized","service":"api-service","timestamp":"2025-10-17 18:11:18"}
{"level":"error","message":"An unexpected error occurred Property not found","service":"api-service","stack":"Error: Property not found\n    at PropertyService.getPropertyById (/Users/apple/Desktop/asher/asher_backy/src/services/propertyServices.ts:1931:27)\n    at async getPropertyById (/Users/apple/Desktop/asher/asher_backy/src/controllers/property.controller.ts:291:30)","timestamp":"2025-10-17 18:11:45"}
{"level":"info","message":"Scheduled bill checks initialized","service":"api-service","timestamp":"2025-10-17 18:12:59"}
{"level":"info","message":"Scheduled bill checks initialized","service":"api-service","timestamp":"2025-10-17 18:13:01"}
{"level":"info","message":"Scheduled bill checks initialized","service":"api-service","timestamp":"2025-10-17 18:13:05"}
{"level":"error","message":"An unexpected error occurred Property not found","service":"api-service","stack":"Error: Property not found\n    at PropertyService.getPropertyById (/Users/apple/Desktop/asher/asher_backy/src/services/propertyServices.ts:1931:27)\n    at async getPropertyById (/Users/apple/Desktop/asher/asher_backy/src/controllers/property.controller.ts:291:30)","timestamp":"2025-10-17 18:13:26"}
{"level":"info","message":"Scheduled bill checks initialized","service":"api-service","timestamp":"2025-10-17 18:15:32"}
{"level":"error","message":"An unexpected error occurred Property not found","service":"api-service","stack":"Error: Property not found\n    at PropertyService.getPropertyById (/Users/apple/Desktop/asher/asher_backy/src/services/propertyServices.ts:1931:27)\n    at async getPropertyById (/Users/apple/Desktop/asher/asher_backy/src/controllers/property.controller.ts:291:30)","timestamp":"2025-10-17 18:15:41"}
{"level":"error","message":"An unexpected error occurred Property not found","service":"api-service","stack":"Error: Property not found\n    at PropertyService.getPropertyById (/Users/apple/Desktop/asher/asher_backy/src/services/propertyServices.ts:1931:27)\n    at async getPropertyById (/Users/apple/Desktop/asher/asher_backy/src/controllers/property.controller.ts:291:30)","timestamp":"2025-10-17 18:15:47"}
{"level":"error","message":"An unexpected error occurred Property not found","service":"api-service","stack":"Error: Property not found\n    at PropertyService.getPropertyById (/Users/apple/Desktop/asher/asher_backy/src/services/propertyServices.ts:1931:27)\n    at async getPropertyById (/Users/apple/Desktop/asher/asher_backy/src/controllers/property.controller.ts:291:30)","timestamp":"2025-10-17 18:15:49"}
{"level":"info","message":"Scheduled bill checks initialized","service":"api-service","timestamp":"2025-10-17 18:17:20"}
{"level":"info","message":"Scheduled bill checks initialized","service":"api-service","timestamp":"2025-10-17 18:17:23"}
{"level":"info","message":"Scheduled bill checks initialized","service":"api-service","timestamp":"2025-10-17 18:17:26"}
{"level":"info","message":"Scheduled bill checks initialized","service":"api-service","timestamp":"2025-10-17 18:17:28"}
{"level":"info","message":"Scheduled bill checks initialized","service":"api-service","timestamp":"2025-10-17 18:17:31"}
{"level":"info","message":"Scheduled bill checks initialized","service":"api-service","timestamp":"2025-10-17 18:17:33"}
{"level":"info","message":"Scheduled bill checks initialized","service":"api-service","timestamp":"2025-10-17 18:17:35"}
{"level":"info","message":"Scheduled bill checks initialized","service":"api-service","timestamp":"2025-10-17 18:17:42"}
{"level":"info","message":"Scheduled bill checks initialized","service":"api-service","timestamp":"2025-10-17 18:17:44"}
{"level":"info","message":"Scheduled bill checks initialized","service":"api-service","timestamp":"2025-10-17 18:18:41"}
{"level":"info","message":"Scheduled bill checks initialized","service":"api-service","timestamp":"2025-10-17 18:18:43"}
{"level":"info","message":"Scheduled bill checks initialized","service":"api-service","timestamp":"2025-10-17 18:18:49"}
{"level":"info","message":"Scheduled bill checks initialized","service":"api-service","timestamp":"2025-10-17 18:19:51"}
{"level":"info","message":"Scheduled bill checks initialized","service":"api-service","timestamp":"2025-10-17 18:19:55"}
{"level":"info","message":"Scheduled bill checks initialized","service":"api-service","timestamp":"2025-10-17 18:21:01"}
{"level":"info","message":"Scheduled bill checks initialized","service":"api-service","timestamp":"2025-10-17 18:21:03"}
{"level":"info","message":"Scheduled bill checks initialized","service":"api-service","timestamp":"2025-10-17 18:21:08"}
{"level":"info","message":"Scheduled bill checks initialized","service":"api-service","timestamp":"2025-10-17 18:26:27"}
{"level":"info","message":"Scheduled bill checks initialized","service":"api-service","timestamp":"2025-10-17 18:26:33"}
{"level":"info","message":"Scheduled bill checks initialized","service":"api-service","timestamp":"2025-10-17 18:27:06"}
{"level":"info","message":"Scheduled bill checks initialized","service":"api-service","timestamp":"2025-10-17 18:27:16"}
{"level":"info","message":"Scheduled bill checks initialized","service":"api-service","timestamp":"2025-10-17 18:27:19"}
{"level":"error","message":"An unexpected error occurred Property not found","service":"api-service","stack":"Error: Property not found\n    at PropertyService.getPropertyById (/Users/apple/Desktop/asher/asher_backy/src/services/propertyServices.ts:1931:27)\n    at async getPropertyById (/Users/apple/Desktop/asher/asher_backy/src/controllers/property.controller.ts:291:30)","timestamp":"2025-10-17 18:28:04"}
{"level":"info","message":"Scheduled bill checks initialized","service":"api-service","timestamp":"2025-10-17 18:31:06"}
{"level":"info","message":"Scheduled bill checks initialized","service":"api-service","timestamp":"2025-10-17 18:31:30"}
{"level":"info","message":"Scheduled bill checks initialized","service":"api-service","timestamp":"2025-10-17 18:59:52"}
{"level":"info","message":"Scheduled bill checks initialized","service":"api-service","timestamp":"2025-10-17 18:59:58"}
{"level":"info","message":"Scheduled bill checks initialized","service":"api-service","timestamp":"2025-10-17 19:00:25"}
{"level":"info","message":"Scheduled bill checks initialized","service":"api-service","timestamp":"2025-10-17 19:00:57"}
{"level":"info","message":"Scheduled bill checks initialized","service":"api-service","timestamp":"2025-10-17 19:00:59"}
{"level":"info","message":"Scheduled bill checks initialized","service":"api-service","timestamp":"2025-10-17 19:01:02"}
{"level":"info","message":"Scheduled bill checks initialized","service":"api-service","timestamp":"2025-10-17 19:01:05"}
{"level":"info","message":"Scheduled bill checks initialized","service":"api-service","timestamp":"2025-10-17 19:01:34"}
{"level":"info","message":"Scheduled bill checks initialized","service":"api-service","timestamp":"2025-10-17 19:02:13"}
{"level":"info","message":"Scheduled bill checks initialized","service":"api-service","timestamp":"2025-10-17 19:02:16"}
{"level":"info","message":"Scheduled bill checks initialized","service":"api-service","timestamp":"2025-10-17 19:05:12"}
{"level":"info","message":"Scheduled bill checks initialized","service":"api-service","timestamp":"2025-10-17 19:06:18"}
{"level":"info","message":"Scheduled bill checks initialized","service":"api-service","timestamp":"2025-10-17 19:06:20"}
{"level":"info","message":"Scheduled bill checks initialized","service":"api-service","timestamp":"2025-10-17 19:06:23"}
{"level":"info","message":"Scheduled bill checks initialized","service":"api-service","timestamp":"2025-10-17 19:07:51"}
{"level":"info","message":"Scheduled bill checks initialized","service":"api-service","timestamp":"2025-10-17 19:07:53"}
{"level":"info","message":"Scheduled bill checks initialized","service":"api-service","timestamp":"2025-10-17 19:08:15"}
{"level":"info","message":"Scheduled bill checks initialized","service":"api-service","timestamp":"2025-10-17 19:08:32"}
{"level":"info","message":"Scheduled bill checks initialized","service":"api-service","timestamp":"2025-10-17 19:08:37"}
{"level":"info","message":"Scheduled bill checks initialized","service":"api-service","timestamp":"2025-10-17 19:08:52"}
{"level":"info","message":"Scheduled bill checks initialized","service":"api-service","timestamp":"2025-10-17 19:08:53"}
{"level":"info","message":"Scheduled bill checks initialized","service":"api-service","timestamp":"2025-10-17 19:08:57"}
{"level":"info","message":"Scheduled bill checks initialized","service":"api-service","timestamp":"2025-10-17 19:09:01"}
{"level":"info","message":"Scheduled bill checks initialized","service":"api-service","timestamp":"2025-10-17 19:09:03"}
{"level":"info","message":"Scheduled bill checks initialized","service":"api-service","timestamp":"2025-10-17 19:18:20"}
{"level":"info","message":"Scheduled bill checks initialized","service":"api-service","timestamp":"2025-10-17 19:23:18"}
{"level":"info","message":"Scheduled bill checks initialized","service":"api-service","timestamp":"2025-10-17 19:29:18"}
{"level":"info","message":"Scheduled bill checks initialized","service":"api-service","timestamp":"2025-10-17 19:30:05"}
{"level":"info","message":"Scheduled bill checks initialized","service":"api-service","timestamp":"2025-10-17 19:30:07"}
{"level":"info","message":"Scheduled bill checks initialized","service":"api-service","timestamp":"2025-10-17 19:38:20"}
{"level":"info","message":"Scheduled bill checks initialized","service":"api-service","timestamp":"2025-10-17 19:51:15"}
{"level":"info","message":"Scheduled bill checks initialized","service":"api-service","timestamp":"2025-10-20 18:53:06"}
{"level":"info","message":"Scheduled bill checks initialized","service":"api-service","timestamp":"2025-10-20 19:31:07"}
{"level":"info","message":"Scheduled bill checks initialized","service":"api-service","timestamp":"2025-10-20 19:53:37"}
{"level":"info","message":"Scheduled bill checks initialized","service":"api-service","timestamp":"2025-10-20 19:54:44"}
{"level":"info","message":"Scheduled bill checks initialized","service":"api-service","timestamp":"2025-10-20 19:54:48"}
{"level":"info","message":"Scheduled bill checks initialized","service":"api-service","timestamp":"2025-10-20 19:55:32"}
{"level":"info","message":"Scheduled bill checks initialized","service":"api-service","timestamp":"2025-10-20 19:55:36"}
{"level":"info","message":"Scheduled bill checks initialized","service":"api-service","timestamp":"2025-10-20 19:55:39"}
{"level":"info","message":"Scheduled bill checks initialized","service":"api-service","timestamp":"2025-10-20 19:55:44"}
{"level":"info","message":"Scheduled bill checks initialized","service":"api-service","timestamp":"2025-10-20 19:55:46"}
{"level":"info","message":"Scheduled bill checks initialized","service":"api-service","timestamp":"2025-10-20 19:58:30"}
{"level":"info","message":"Scheduled bill checks initialized","service":"api-service","timestamp":"2025-10-20 19:59:53"}
{"level":"info","message":"Scheduled bill checks initialized","service":"api-service","timestamp":"2025-10-20 20:00:01"}
{"level":"info","message":"Scheduled bill checks initialized","service":"api-service","timestamp":"2025-10-20 20:00:52"}
{"level":"info","message":"Scheduled bill checks initialized","service":"api-service","timestamp":"2025-10-20 20:00:54"}
{"level":"info","message":"Scheduled bill checks initialized","service":"api-service","timestamp":"2025-10-20 20:00:56"}
{"level":"info","message":"Scheduled bill checks initialized","service":"api-service","timestamp":"2025-10-20 20:00:58"}
{"level":"info","message":"Scheduled bill checks initialized","service":"api-service","timestamp":"2025-10-20 20:02:12"}
{"level":"info","message":"Scheduled bill checks initialized","service":"api-service","timestamp":"2025-10-20 20:12:06"}
{"level":"info","message":"Scheduled bill checks initialized","service":"api-service","timestamp":"2025-10-20 20:12:08"}
{"level":"info","message":"Scheduled bill checks initialized","service":"api-service","timestamp":"2025-10-20 20:12:11"}
{"level":"info","message":"Scheduled bill checks initialized","service":"api-service","timestamp":"2025-10-20 20:12:16"}
{"level":"info","message":"Scheduled bill checks initialized","service":"api-service","timestamp":"2025-10-20 20:12:18"}
{"level":"info","message":"Scheduled bill checks initialized","service":"api-service","timestamp":"2025-10-20 20:25:32"}
{"level":"info","message":"Scheduled bill checks initialized","service":"api-service","timestamp":"2025-10-20 20:25:33"}
{"level":"info","message":"Scheduled bill checks initialized","service":"api-service","timestamp":"2025-10-20 20:25:36"}
{"level":"info","message":"Scheduled bill checks initialized","service":"api-service","timestamp":"2025-10-20 20:25:39"}
{"level":"info","message":"Scheduled bill checks initialized","service":"api-service","timestamp":"2025-10-20 20:25:43"}
{"level":"info","message":"Scheduled bill checks initialized","service":"api-service","timestamp":"2025-10-20 20:26:01"}
{"level":"info","message":"Scheduled bill checks initialized","service":"api-service","timestamp":"2025-10-20 20:26:03"}
{"level":"info","message":"Scheduled bill checks initialized","service":"api-service","timestamp":"2025-10-20 20:27:28"}
{"level":"info","message":"Scheduled bill checks initialized","service":"api-service","timestamp":"2025-10-20 20:27:43"}
{"level":"info","message":"Scheduled bill checks initialized","service":"api-service","timestamp":"2025-10-20 20:28:04"}
{"level":"info","message":"Scheduled bill checks initialized","service":"api-service","timestamp":"2025-10-20 20:28:06"}
{"level":"info","message":"Scheduled bill checks initialized","service":"api-service","timestamp":"2025-10-20 20:28:11"}
{"level":"info","message":"Scheduled bill checks initialized","service":"api-service","timestamp":"2025-10-20 20:28:58"}
{"level":"info","message":"Scheduled bill checks initialized","service":"api-service","timestamp":"2025-10-20 20:29:08"}
{"level":"info","message":"Scheduled bill checks initialized","service":"api-service","timestamp":"2025-10-20 20:30:52"}
{"level":"info","message":"Scheduled bill checks initialized","service":"api-service","timestamp":"2025-10-20 21:45:57"}
{"level":"info","message":"Scheduled bill checks initialized","service":"api-service","timestamp":"2025-10-21 13:58:04"}
{"level":"info","message":"Scheduled bill checks initialized","service":"api-service","timestamp":"2025-10-21 14:48:34"}
{"level":"info","message":"Scheduled bill checks initialized","service":"api-service","timestamp":"2025-10-21 14:48:37"}
{"level":"info","message":"Scheduled bill checks initialized","service":"api-service","timestamp":"2025-10-21 14:48:39"}
{"level":"info","message":"Scheduled bill checks initialized","service":"api-service","timestamp":"2025-10-21 14:48:45"}
{"level":"info","message":"Scheduled bill checks initialized","service":"api-service","timestamp":"2025-10-21 14:49:52"}
{"level":"info","message":"Scheduled bill checks initialized","service":"api-service","timestamp":"2025-10-21 14:49:56"}
{"level":"info","message":"Scheduled bill checks initialized","service":"api-service","timestamp":"2025-10-21 14:50:00"}
{"level":"info","message":"Scheduled bill checks initialized","service":"api-service","timestamp":"2025-10-21 14:50:11"}
{"level":"info","message":"Scheduled bill checks initialized","service":"api-service","timestamp":"2025-10-21 14:50:15"}
{"level":"info","message":"Scheduled bill checks initialized","service":"api-service","timestamp":"2025-10-21 14:50:19"}
{"level":"info","message":"Scheduled bill checks initialized","service":"api-service","timestamp":"2025-10-21 14:50:23"}
{"level":"info","message":"Scheduled bill checks initialized","service":"api-service","timestamp":"2025-10-21 14:50:28"}
{"level":"info","message":"Scheduled bill checks initialized","service":"api-service","timestamp":"2025-10-21 14:50:30"}
{"level":"info","message":"Scheduled bill checks initialized","service":"api-service","timestamp":"2025-10-21 14:50:56"}
{"level":"info","message":"Scheduled bill checks initialized","service":"api-service","timestamp":"2025-10-21 14:51:15"}
{"level":"info","message":"Scheduled bill checks initialized","service":"api-service","timestamp":"2025-10-21 14:51:16"}
{"level":"info","message":"Scheduled bill checks initialized","service":"api-service","timestamp":"2025-10-21 14:51:19"}
{"level":"info","message":"Scheduled bill checks initialized","service":"api-service","timestamp":"2025-10-21 15:23:15"}
{"level":"info","message":"Scheduled bill checks initialized","service":"api-service","timestamp":"2025-10-21 15:23:32"}
{"level":"info","message":"Scheduled bill checks initialized","service":"api-service","timestamp":"2025-10-21 15:26:46"}
{"level":"info","message":"Scheduled bill checks initialized","service":"api-service","timestamp":"2025-10-21 15:27:25"}
{"level":"info","message":"Scheduled bill checks initialized","service":"api-service","timestamp":"2025-10-21 15:27:32"}
{"level":"info","message":"Scheduled bill checks initialized","service":"api-service","timestamp":"2025-10-21 15:27:40"}
{"level":"info","message":"Scheduled bill checks initialized","service":"api-service","timestamp":"2025-10-21 15:27:43"}
{"level":"info","message":"Scheduled bill checks initialized","service":"api-service","timestamp":"2025-10-21 15:27:46"}
{"level":"info","message":"Scheduled bill checks initialized","service":"api-service","timestamp":"2025-10-21 15:27:50"}
{"level":"info","message":"Scheduled bill checks initialized","service":"api-service","timestamp":"2025-10-21 15:27:53"}
{"level":"info","message":"Scheduled bill checks initialized","service":"api-service","timestamp":"2025-10-21 15:28:41"}
{"level":"info","message":"Scheduled bill checks initialized","service":"api-service","timestamp":"2025-10-21 15:29:12"}
{"level":"info","message":"Scheduled bill checks initialized","service":"api-service","timestamp":"2025-10-21 15:29:27"}
{"level":"info","message":"Scheduled bill checks initialized","service":"api-service","timestamp":"2025-10-21 15:29:41"}
{"level":"info","message":"Scheduled bill checks initialized","service":"api-service","timestamp":"2025-10-21 15:29:42"}
{"level":"info","message":"Scheduled bill checks initialized","service":"api-service","timestamp":"2025-10-21 15:30:35"}
{"level":"info","message":"Scheduled bill checks initialized","service":"api-service","timestamp":"2025-10-21 15:30:39"}
{"level":"info","message":"Scheduled bill checks initialized","service":"api-service","timestamp":"2025-10-21 15:31:17"}
{"level":"info","message":"Scheduled bill checks initialized","service":"api-service","timestamp":"2025-10-21 15:31:24"}
{"level":"info","message":"Scheduled bill checks initialized","service":"api-service","timestamp":"2025-10-21 15:31:50"}
{"level":"info","message":"Scheduled bill checks initialized","service":"api-service","timestamp":"2025-10-21 15:31:57"}
{"level":"info","message":"Scheduled bill checks initialized","service":"api-service","timestamp":"2025-10-21 15:32:06"}
{"level":"info","message":"Scheduled bill checks initialized","service":"api-service","timestamp":"2025-10-21 15:32:09"}
{"level":"info","message":"Scheduled bill checks initialized","service":"api-service","timestamp":"2025-10-21 15:32:41"}
{"level":"info","message":"Scheduled bill checks initialized","service":"api-service","timestamp":"2025-10-21 15:33:09"}
{"level":"info","message":"Scheduled bill checks initialized","service":"api-service","timestamp":"2025-10-21 15:33:32"}
{"level":"info","message":"Scheduled bill checks initialized","service":"api-service","timestamp":"2025-10-25 17:31:18"}
{"level":"info","message":"Scheduled bill checks initialized","service":"api-service","timestamp":"2025-10-25 17:32:06"}
{"level":"info","message":"Scheduled bill checks initialized","service":"api-service","timestamp":"2025-10-25 17:32:07"}
{"level":"info","message":"Scheduled bill checks initialized","service":"api-service","timestamp":"2025-10-25 17:32:11"}
{"level":"info","message":"Scheduled bill checks initialized","service":"api-service","timestamp":"2025-10-25 17:32:13"}
{"level":"info","message":"Scheduled bill checks initialized","service":"api-service","timestamp":"2025-10-25 17:32:15"}
{"level":"info","message":"Scheduled bill checks initialized","service":"api-service","timestamp":"2025-10-25 17:32:24"}
{"level":"info","message":"Scheduled bill checks initialized","service":"api-service","timestamp":"2025-10-25 18:21:50"}
{"level":"info","message":"Scheduled bill checks initialized","service":"api-service","timestamp":"2025-10-25 18:29:40"}
{"level":"info","message":"Scheduled bill checks initialized","service":"api-service","timestamp":"2025-10-25 18:39:06"}
{"level":"info","message":"Scheduled bill checks initialized","service":"api-service","timestamp":"2025-10-25 18:41:58"}
{"level":"info","message":"Scheduled bill checks initialized","service":"api-service","timestamp":"2025-10-25 18:42:03"}
{"level":"info","message":"Scheduled bill checks initialized","service":"api-service","timestamp":"2025-10-24 09:51:25"}
{"level":"info","message":"Scheduled bill checks initialized","service":"api-service","timestamp":"2025-10-24 09:52:34"}
{"level":"info","message":"Scheduled bill checks initialized","service":"api-service","timestamp":"2025-10-24 09:53:00"}
{"level":"info","message":"Scheduled bill checks initialized","service":"api-service","timestamp":"2025-10-24 10:24:06"}
{"level":"info","message":"Scheduled bill checks initialized","service":"api-service","timestamp":"2025-10-24 10:24:17"}
{"level":"info","message":"Scheduled bill checks initialized","service":"api-service","timestamp":"2025-10-24 10:24:50"}
{"level":"info","message":"Scheduled bill checks initialized","service":"api-service","timestamp":"2025-10-24 10:31:30"}
{"level":"info","message":"Scheduled bill checks initialized","service":"api-service","timestamp":"2025-10-24 10:31:37"}
{"level":"info","message":"Scheduled bill checks initialized","service":"api-service","timestamp":"2025-10-24 10:31:44"}
{"level":"info","message":"Scheduled bill checks initialized","service":"api-service","timestamp":"2025-10-24 10:32:00"}
{"level":"info","message":"Scheduled bill checks initialized","service":"api-service","timestamp":"2025-10-24 10:50:43"}
{"level":"info","message":"Scheduled bill checks initialized","service":"api-service","timestamp":"2025-10-24 10:51:26"}
{"level":"info","message":"Scheduled bill checks initialized","service":"api-service","timestamp":"2025-10-24 10:52:46"}
{"level":"info","message":"Scheduled bill checks initialized","service":"api-service","timestamp":"2025-10-24 10:55:50"}
{"level":"info","message":"Scheduled bill checks initialized","service":"api-service","timestamp":"2025-10-24 10:56:05"}
{"level":"info","message":"Scheduled bill checks initialized","service":"api-service","timestamp":"2025-10-24 10:56:21"}
{"level":"info","message":"Scheduled bill checks initialized","service":"api-service","timestamp":"2025-10-24 10:56:22"}
{"level":"info","message":"Scheduled bill checks initialized","service":"api-service","timestamp":"2025-10-24 10:56:30"}
{"level":"error","message":"An unexpected error occurred Cannot read properties of undefined (reading 'get')","service":"api-service","stack":"TypeError: Cannot read properties of undefined (reading 'get')\n    at RedisService.get (/Users/timmy/Desktop/merge_items/asher_backy/src/services/utilsServices/redis.service.ts:27:28)\n    at DashboardService.getDashboardData (/Users/timmy/Desktop/merge_items/asher_backy/src/services/dashboard/dashboard.service.ts:200:56)\n    at getDashboardData (/Users/timmy/Desktop/merge_items/asher_backy/src/controllers/dashboard.controller.ts:11:54)\n    at Layer.handleRequest (/Users/timmy/Desktop/merge_items/asher_backy/node_modules/router/lib/layer.js:152:17)\n    at next (/Users/timmy/Desktop/merge_items/asher_backy/node_modules/router/lib/route.js:157:13)\n    at Route.dispatch (/Users/timmy/Desktop/merge_items/asher_backy/node_modules/router/lib/route.js:117:3)\n    at handle (/Users/timmy/Desktop/merge_items/asher_backy/node_modules/router/index.js:435:11)\n    at Layer.handleRequest (/Users/timmy/Desktop/merge_items/asher_backy/node_modules/router/lib/layer.js:152:17)\n    at /Users/timmy/Desktop/merge_items/asher_backy/node_modules/router/index.js:295:15\n    at processParams (/Users/timmy/Desktop/merge_items/asher_backy/node_modules/router/index.js:582:12)","timestamp":"2025-10-24 10:57:11"}
{"level":"info","message":"Scheduled bill checks initialized","service":"api-service","timestamp":"2025-10-24 10:58:43"}
{"level":"info","message":"Scheduled bill checks initialized","service":"api-service","timestamp":"2025-10-24 10:58:55"}
{"level":"info","message":"Scheduled bill checks initialized","service":"api-service","timestamp":"2025-10-24 10:59:03"}
{"level":"info","message":"Scheduled bill checks initialized","service":"api-service","timestamp":"2025-10-24 10:59:17"}
{"level":"info","message":"Scheduled bill checks initialized","service":"api-service","timestamp":"2025-10-24 10:59:38"}
{"level":"error","message":"An unexpected error occurred Cannot read properties of undefined (reading 'get')","service":"api-service","stack":"TypeError: Cannot read properties of undefined (reading 'get')\n    at RedisService.get (/Users/timmy/Desktop/merge_items/asher_backy/src/services/utilsServices/redis.service.ts:27:28)\n    at DashboardService.getDashboardData (/Users/timmy/Desktop/merge_items/asher_backy/src/services/dashboard/dashboard.service.ts:200:56)\n    at getDashboardData (/Users/timmy/Desktop/merge_items/asher_backy/src/controllers/dashboard.controller.ts:11:54)\n    at Layer.handleRequest (/Users/timmy/Desktop/merge_items/asher_backy/node_modules/router/lib/layer.js:152:17)\n    at next (/Users/timmy/Desktop/merge_items/asher_backy/node_modules/router/lib/route.js:157:13)\n    at Route.dispatch (/Users/timmy/Desktop/merge_items/asher_backy/node_modules/router/lib/route.js:117:3)\n    at handle (/Users/timmy/Desktop/merge_items/asher_backy/node_modules/router/index.js:435:11)\n    at Layer.handleRequest (/Users/timmy/Desktop/merge_items/asher_backy/node_modules/router/lib/layer.js:152:17)\n    at /Users/timmy/Desktop/merge_items/asher_backy/node_modules/router/index.js:295:15\n    at processParams (/Users/timmy/Desktop/merge_items/asher_backy/node_modules/router/index.js:582:12)","timestamp":"2025-10-24 11:00:52"}
{"level":"info","message":"Scheduled bill checks initialized","service":"api-service","timestamp":"2025-10-24 11:02:19"}
{"level":"error","message":"An unexpected error occurred Cannot read properties of undefined (reading 'get')","service":"api-service","stack":"TypeError: Cannot read properties of undefined (reading 'get')\n    at RedisService.get (/Users/timmy/Desktop/merge_items/asher_backy/src/services/utilsServices/redis.service.ts:27:28)\n    at DashboardService.getDashboardData (/Users/timmy/Desktop/merge_items/asher_backy/src/services/dashboard/dashboard.service.ts:200:56)\n    at getDashboardData (/Users/timmy/Desktop/merge_items/asher_backy/src/controllers/dashboard.controller.ts:11:54)\n    at Layer.handleRequest (/Users/timmy/Desktop/merge_items/asher_backy/node_modules/router/lib/layer.js:152:17)\n    at next (/Users/timmy/Desktop/merge_items/asher_backy/node_modules/router/lib/route.js:157:13)\n    at Route.dispatch (/Users/timmy/Desktop/merge_items/asher_backy/node_modules/router/lib/route.js:117:3)\n    at handle (/Users/timmy/Desktop/merge_items/asher_backy/node_modules/router/index.js:435:11)\n    at Layer.handleRequest (/Users/timmy/Desktop/merge_items/asher_backy/node_modules/router/lib/layer.js:152:17)\n    at /Users/timmy/Desktop/merge_items/asher_backy/node_modules/router/index.js:295:15\n    at processParams (/Users/timmy/Desktop/merge_items/asher_backy/node_modules/router/index.js:582:12)","timestamp":"2025-10-24 11:03:31"}
{"details":"\nInvalid `prismaClient.violation.findMany()` invocation in\n/Users/timmy/Desktop/merge_items/asher_backy/src/services/PerformanceCalculator.ts:785:36\n\n  782 private async calculateAgreementCompliance(userId: string): Promise<number> {\n  783     // Get all relevant violations and lease breaches\n  784     const [violations, leaseBreaches] = await Promise.all([\n→ 785         prismaClient.violation.findMany(\nToo many database connections opened: FATAL: remaining connection slots are reserved for roles with the SUPERUSER attribute\nPrisma Accelerate has built-in connection pooling to prevent such errors: https://pris.ly/client/error-accelerate","level":"error","message":"An unexpected database error occurred","prismaCode":"P2037","service":"api-service","timestamp":"2025-10-24 11:03:33"}
{"level":"error","message":"An unexpected error occurred Cannot read properties of undefined (reading 'get')","service":"api-service","stack":"TypeError: Cannot read properties of undefined (reading 'get')\n    at RedisService.get (/Users/timmy/Desktop/merge_items/asher_backy/src/services/utilsServices/redis.service.ts:27:28)\n    at DashboardService.getDashboardData (/Users/timmy/Desktop/merge_items/asher_backy/src/services/dashboard/dashboard.service.ts:200:56)\n    at getDashboardData (/Users/timmy/Desktop/merge_items/asher_backy/src/controllers/dashboard.controller.ts:11:54)\n    at Layer.handleRequest (/Users/timmy/Desktop/merge_items/asher_backy/node_modules/router/lib/layer.js:152:17)\n    at next (/Users/timmy/Desktop/merge_items/asher_backy/node_modules/router/lib/route.js:157:13)\n    at Route.dispatch (/Users/timmy/Desktop/merge_items/asher_backy/node_modules/router/lib/route.js:117:3)\n    at handle (/Users/timmy/Desktop/merge_items/asher_backy/node_modules/router/index.js:435:11)\n    at Layer.handleRequest (/Users/timmy/Desktop/merge_items/asher_backy/node_modules/router/lib/layer.js:152:17)\n    at /Users/timmy/Desktop/merge_items/asher_backy/node_modules/router/index.js:295:15\n    at processParams (/Users/timmy/Desktop/merge_items/asher_backy/node_modules/router/index.js:582:12)","timestamp":"2025-10-24 11:03:40"}
{"details":"\nInvalid `prismaClient.tenants.findMany()` invocation in\n/Users/timmy/Desktop/merge_items/asher_backy/src/services/PerformanceCalculator.ts:211:57\n\n  208 const now = new Date();\n  209 \n  210 // Fetch all tenant records for this user\n→ 211 const allTenancies = await prismaClient.tenants.findMany(\nToo many database connections opened: FATAL: remaining connection slots are reserved for roles with the SUPERUSER attribute\nPrisma Accelerate has built-in connection pooling to prevent such errors: https://pris.ly/client/error-accelerate","level":"error","message":"An unexpected database error occurred","prismaCode":"P2037","service":"api-service","timestamp":"2025-10-24 11:03:42"}
{"level":"error","message":"An unexpected error occurred Cannot read properties of undefined (reading 'get')","service":"api-service","stack":"TypeError: Cannot read properties of undefined (reading 'get')\n    at RedisService.get (/Users/timmy/Desktop/merge_items/asher_backy/src/services/utilsServices/redis.service.ts:27:28)\n    at DashboardService.getDashboardData (/Users/timmy/Desktop/merge_items/asher_backy/src/services/dashboard/dashboard.service.ts:200:56)\n    at getDashboardData (/Users/timmy/Desktop/merge_items/asher_backy/src/controllers/dashboard.controller.ts:11:54)\n    at Layer.handleRequest (/Users/timmy/Desktop/merge_items/asher_backy/node_modules/router/lib/layer.js:152:17)\n    at next (/Users/timmy/Desktop/merge_items/asher_backy/node_modules/router/lib/route.js:157:13)\n    at Route.dispatch (/Users/timmy/Desktop/merge_items/asher_backy/node_modules/router/lib/route.js:117:3)\n    at handle (/Users/timmy/Desktop/merge_items/asher_backy/node_modules/router/index.js:435:11)\n    at Layer.handleRequest (/Users/timmy/Desktop/merge_items/asher_backy/node_modules/router/lib/layer.js:152:17)\n    at /Users/timmy/Desktop/merge_items/asher_backy/node_modules/router/index.js:295:15\n    at processParams (/Users/timmy/Desktop/merge_items/asher_backy/node_modules/router/index.js:582:12)","timestamp":"2025-10-24 11:03:44"}
{"details":"\nInvalid `prismaClient.tenants.findMany()` invocation in\n/Users/timmy/Desktop/merge_items/asher_backy/src/services/PerformanceCalculator.ts:114:54\n\n  111 \n  112 private async calculateUtilityCompliance(userId: string): Promise<number> {\n  113     // Get ALL tenancies for this user\n→ 114     const tenancies = await prismaClient.tenants.findMany(\nToo many database connections opened: FATAL: remaining connection slots are reserved for roles with the SUPERUSER attribute\nPrisma Accelerate has built-in connection pooling to prevent such errors: https://pris.ly/client/error-accelerate","level":"error","message":"An unexpected database error occurred","prismaCode":"P2037","service":"api-service","timestamp":"2025-10-24 11:03:45"}
{"level":"error","message":"An unexpected error occurred Cannot read properties of undefined (reading 'get')","service":"api-service","stack":"TypeError: Cannot read properties of undefined (reading 'get')\n    at RedisService.get (/Users/timmy/Desktop/merge_items/asher_backy/src/services/utilsServices/redis.service.ts:27:28)\n    at DashboardService.getDashboardData (/Users/timmy/Desktop/merge_items/asher_backy/src/services/dashboard/dashboard.service.ts:200:56)\n    at getDashboardData (/Users/timmy/Desktop/merge_items/asher_backy/src/controllers/dashboard.controller.ts:11:54)\n    at Layer.handleRequest (/Users/timmy/Desktop/merge_items/asher_backy/node_modules/router/lib/layer.js:152:17)\n    at next (/Users/timmy/Desktop/merge_items/asher_backy/node_modules/router/lib/route.js:157:13)\n    at Route.dispatch (/Users/timmy/Desktop/merge_items/asher_backy/node_modules/router/lib/route.js:117:3)\n    at handle (/Users/timmy/Desktop/merge_items/asher_backy/node_modules/router/index.js:435:11)\n    at Layer.handleRequest (/Users/timmy/Desktop/merge_items/asher_backy/node_modules/router/lib/layer.js:152:17)\n    at /Users/timmy/Desktop/merge_items/asher_backy/node_modules/router/index.js:295:15\n    at processParams (/Users/timmy/Desktop/merge_items/asher_backy/node_modules/router/index.js:582:12)","timestamp":"2025-10-24 11:04:48"}
{"level":"error","message":"An unexpected error occurred Cannot read properties of undefined (reading 'get')","service":"api-service","stack":"TypeError: Cannot read properties of undefined (reading 'get')\n    at RedisService.get (/Users/timmy/Desktop/merge_items/asher_backy/src/services/utilsServices/redis.service.ts:27:28)\n    at DashboardService.getDashboardData (/Users/timmy/Desktop/merge_items/asher_backy/src/services/dashboard/dashboard.service.ts:200:56)\n    at getDashboardData (/Users/timmy/Desktop/merge_items/asher_backy/src/controllers/dashboard.controller.ts:11:54)\n    at Layer.handleRequest (/Users/timmy/Desktop/merge_items/asher_backy/node_modules/router/lib/layer.js:152:17)\n    at next (/Users/timmy/Desktop/merge_items/asher_backy/node_modules/router/lib/route.js:157:13)\n    at Route.dispatch (/Users/timmy/Desktop/merge_items/asher_backy/node_modules/router/lib/route.js:117:3)\n    at handle (/Users/timmy/Desktop/merge_items/asher_backy/node_modules/router/index.js:435:11)\n    at Layer.handleRequest (/Users/timmy/Desktop/merge_items/asher_backy/node_modules/router/lib/layer.js:152:17)\n    at /Users/timmy/Desktop/merge_items/asher_backy/node_modules/router/index.js:295:15\n    at processParams (/Users/timmy/Desktop/merge_items/asher_backy/node_modules/router/index.js:582:12)","timestamp":"2025-10-24 11:05:04"}
{"level":"error","message":"An unexpected error occurred Cannot read properties of undefined (reading 'get')","service":"api-service","stack":"TypeError: Cannot read properties of undefined (reading 'get')\n    at RedisService.get (/Users/timmy/Desktop/merge_items/asher_backy/src/services/utilsServices/redis.service.ts:27:28)\n    at DashboardService.getDashboardData (/Users/timmy/Desktop/merge_items/asher_backy/src/services/dashboard/dashboard.service.ts:200:56)\n    at getDashboardData (/Users/timmy/Desktop/merge_items/asher_backy/src/controllers/dashboard.controller.ts:11:54)\n    at Layer.handleRequest (/Users/timmy/Desktop/merge_items/asher_backy/node_modules/router/lib/layer.js:152:17)\n    at next (/Users/timmy/Desktop/merge_items/asher_backy/node_modules/router/lib/route.js:157:13)\n    at Route.dispatch (/Users/timmy/Desktop/merge_items/asher_backy/node_modules/router/lib/route.js:117:3)\n    at handle (/Users/timmy/Desktop/merge_items/asher_backy/node_modules/router/index.js:435:11)\n    at Layer.handleRequest (/Users/timmy/Desktop/merge_items/asher_backy/node_modules/router/lib/layer.js:152:17)\n    at /Users/timmy/Desktop/merge_items/asher_backy/node_modules/router/index.js:295:15\n    at processParams (/Users/timmy/Desktop/merge_items/asher_backy/node_modules/router/index.js:582:12)","timestamp":"2025-10-24 11:06:03"}
{"level":"error","message":"An unexpected error occurred Cannot read properties of undefined (reading 'get')","service":"api-service","stack":"TypeError: Cannot read properties of undefined (reading 'get')\n    at RedisService.get (/Users/timmy/Desktop/merge_items/asher_backy/src/services/utilsServices/redis.service.ts:27:28)\n    at DashboardService.getDashboardData (/Users/timmy/Desktop/merge_items/asher_backy/src/services/dashboard/dashboard.service.ts:200:56)\n    at getDashboardData (/Users/timmy/Desktop/merge_items/asher_backy/src/controllers/dashboard.controller.ts:11:54)\n    at Layer.handleRequest (/Users/timmy/Desktop/merge_items/asher_backy/node_modules/router/lib/layer.js:152:17)\n    at next (/Users/timmy/Desktop/merge_items/asher_backy/node_modules/router/lib/route.js:157:13)\n    at Route.dispatch (/Users/timmy/Desktop/merge_items/asher_backy/node_modules/router/lib/route.js:117:3)\n    at handle (/Users/timmy/Desktop/merge_items/asher_backy/node_modules/router/index.js:435:11)\n    at Layer.handleRequest (/Users/timmy/Desktop/merge_items/asher_backy/node_modules/router/lib/layer.js:152:17)\n    at /Users/timmy/Desktop/merge_items/asher_backy/node_modules/router/index.js:295:15\n    at processParams (/Users/timmy/Desktop/merge_items/asher_backy/node_modules/router/index.js:582:12)","timestamp":"2025-10-24 11:06:09"}
{"details":"\nInvalid `prismaClient.inspection.findMany()` invocation in\n/Users/timmy/Desktop/merge_items/asher_backy/src/services/PerformanceCalculator.ts:450:59\n\n  447 }\n  448 private async calculateInspectionConsistency(userId: string): Promise<number> {\n  449     // Get all inspections for the tenant across all properties\n→ 450     const inspections = await prismaClient.inspection.findMany(\nToo many database connections opened: FATAL: remaining connection slots are reserved for roles with the SUPERUSER attribute\nPrisma Accelerate has built-in connection pooling to prevent such errors: https://pris.ly/client/error-accelerate","level":"error","message":"An unexpected database error occurred","prismaCode":"P2037","service":"api-service","timestamp":"2025-10-24 11:06:11"}
{"details":"\nInvalid `prismaClient.tenantLeaseBreach.findMany()` invocation in\n/Users/timmy/Desktop/merge_items/asher_backy/src/services/PerformanceCalculator.ts:795:44\n\n  792     },\n  793     orderBy: { createdAt: 'desc' }\n  794 }),\n→ 795 prismaClient.tenantLeaseBreach.findMany(\nToo many database connections opened: FATAL: remaining connection slots are reserved for roles with the SUPERUSER attribute\nPrisma Accelerate has built-in connection pooling to prevent such errors: https://pris.ly/client/error-accelerate","level":"error","message":"An unexpected database error occurred","prismaCode":"P2037","service":"api-service","timestamp":"2025-10-24 11:06:18"}
{"level":"error","message":"An unexpected error occurred Cannot read properties of undefined (reading 'get')","service":"api-service","stack":"TypeError: Cannot read properties of undefined (reading 'get')\n    at RedisService.get (/Users/timmy/Desktop/merge_items/asher_backy/src/services/utilsServices/redis.service.ts:27:28)\n    at DashboardService.getDashboardData (/Users/timmy/Desktop/merge_items/asher_backy/src/services/dashboard/dashboard.service.ts:200:56)\n    at getDashboardData (/Users/timmy/Desktop/merge_items/asher_backy/src/controllers/dashboard.controller.ts:11:54)\n    at Layer.handleRequest (/Users/timmy/Desktop/merge_items/asher_backy/node_modules/router/lib/layer.js:152:17)\n    at next (/Users/timmy/Desktop/merge_items/asher_backy/node_modules/router/lib/route.js:157:13)\n    at Route.dispatch (/Users/timmy/Desktop/merge_items/asher_backy/node_modules/router/lib/route.js:117:3)\n    at handle (/Users/timmy/Desktop/merge_items/asher_backy/node_modules/router/index.js:435:11)\n    at Layer.handleRequest (/Users/timmy/Desktop/merge_items/asher_backy/node_modules/router/lib/layer.js:152:17)\n    at /Users/timmy/Desktop/merge_items/asher_backy/node_modules/router/index.js:295:15\n    at processParams (/Users/timmy/Desktop/merge_items/asher_backy/node_modules/router/index.js:582:12)","timestamp":"2025-10-24 11:06:19"}
{"level":"error","message":"An unexpected error occurred Cannot read properties of undefined (reading 'get')","service":"api-service","stack":"TypeError: Cannot read properties of undefined (reading 'get')\n    at RedisService.get (/Users/timmy/Desktop/merge_items/asher_backy/src/services/utilsServices/redis.service.ts:27:28)\n    at DashboardService.getDashboardData (/Users/timmy/Desktop/merge_items/asher_backy/src/services/dashboard/dashboard.service.ts:200:56)\n    at getDashboardData (/Users/timmy/Desktop/merge_items/asher_backy/src/controllers/dashboard.controller.ts:11:54)\n    at Layer.handleRequest (/Users/timmy/Desktop/merge_items/asher_backy/node_modules/router/lib/layer.js:152:17)\n    at next (/Users/timmy/Desktop/merge_items/asher_backy/node_modules/router/lib/route.js:157:13)\n    at Route.dispatch (/Users/timmy/Desktop/merge_items/asher_backy/node_modules/router/lib/route.js:117:3)\n    at handle (/Users/timmy/Desktop/merge_items/asher_backy/node_modules/router/index.js:435:11)\n    at Layer.handleRequest (/Users/timmy/Desktop/merge_items/asher_backy/node_modules/router/lib/layer.js:152:17)\n    at /Users/timmy/Desktop/merge_items/asher_backy/node_modules/router/index.js:295:15\n    at processParams (/Users/timmy/Desktop/merge_items/asher_backy/node_modules/router/index.js:582:12)","timestamp":"2025-10-24 11:06:47"}
{"level":"info","message":"Scheduled bill checks initialized","service":"api-service","timestamp":"2025-10-24 11:07:25"}
{"level":"info","message":"Scheduled bill checks initialized","service":"api-service","timestamp":"2025-10-24 11:07:29"}
{"level":"info","message":"Scheduled bill checks initialized","service":"api-service","timestamp":"2025-10-24 11:07:39"}
{"details":"\nInvalid `prismaClient.violation.findMany()` invocation in\n/Users/timmy/Desktop/merge_items/asher_backy/src/services/PerformanceCalculator.ts:785:36\n\n  782 private async calculateAgreementCompliance(userId: string): Promise<number> {\n  783     // Get all relevant violations and lease breaches\n  784     const [violations, leaseBreaches] = await Promise.all([\n→ 785         prismaClient.violation.findMany(\nToo many database connections opened: FATAL: remaining connection slots are reserved for roles with the SUPERUSER attribute\nPrisma Accelerate has built-in connection pooling to prevent such errors: https://pris.ly/client/error-accelerate","level":"error","message":"An unexpected database error occurred","prismaCode":"P2037","service":"api-service","timestamp":"2025-10-25 06:36:29"}
{"details":"\nInvalid `prismaClient.tenants.findFirst()` invocation in\n/Users/timmy/Desktop/merge_items/asher_backy/src/services/PerformanceCalculator.ts:72:47\n\n  69         );\n  70     }\n  71 private async calculateRentToIncomeRatio(userId: string): Promise<number> {\n→ 72     const tenant = await prismaClient.tenants.findFirst(\nToo many database connections opened: FATAL: remaining connection slots are reserved for roles with the SUPERUSER attribute\nPrisma Accelerate has built-in connection pooling to prevent such errors: https://pris.ly/client/error-accelerate","level":"error","message":"An unexpected database error occurred","prismaCode":"P2037","service":"api-service","timestamp":"2025-10-25 06:41:39"}
{"details":"\nInvalid `prismaClient.tenantLeaseBreach.findMany()` invocation in\n/Users/timmy/Desktop/merge_items/asher_backy/src/services/PerformanceCalculator.ts:795:44\n\n  792     },\n  793     orderBy: { createdAt: 'desc' }\n  794 }),\n→ 795 prismaClient.tenantLeaseBreach.findMany(\nToo many database connections opened: FATAL: remaining connection slots are reserved for roles with the SUPERUSER attribute\nPrisma Accelerate has built-in connection pooling to prevent such errors: https://pris.ly/client/error-accelerate","level":"error","message":"An unexpected database error occurred","prismaCode":"P2037","service":"api-service","timestamp":"2025-10-25 06:41:40"}
{"details":"\nInvalid `prismaClient.tenants.findFirst()` invocation in\n/Users/timmy/Desktop/merge_items/asher_backy/src/services/PerformanceCalculator.ts:72:47\n\n  69         );\n  70     }\n  71 private async calculateRentToIncomeRatio(userId: string): Promise<number> {\n→ 72     const tenant = await prismaClient.tenants.findFirst(\nToo many database connections opened: FATAL: sorry, too many clients already\nPrisma Accelerate has built-in connection pooling to prevent such errors: https://pris.ly/client/error-accelerate","level":"error","message":"An unexpected database error occurred","prismaCode":"P2037","service":"api-service","timestamp":"2025-10-25 14:31:47"}
{"details":"\nInvalid `prismaClient.tenants.findMany()` invocation in\n/Users/timmy/Desktop/merge_items/asher_backy/src/services/PerformanceCalculator.ts:211:57\n\n  208 const now = new Date();\n  209 \n  210 // Fetch all tenant records for this user\n→ 211 const allTenancies = await prismaClient.tenants.findMany(\nToo many database connections opened: FATAL: remaining connection slots are reserved for roles with the SUPERUSER attribute\nPrisma Accelerate has built-in connection pooling to prevent such errors: https://pris.ly/client/error-accelerate","level":"error","message":"An unexpected database error occurred","prismaCode":"P2037","service":"api-service","timestamp":"2025-10-25 14:31:50"}
{"details":"\nInvalid `prismaClient.tenants.findMany()` invocation in\n/Users/timmy/Desktop/merge_items/asher_backy/src/services/PerformanceCalculator.ts:211:57\n\n  208 const now = new Date();\n  209 \n  210 // Fetch all tenant records for this user\n→ 211 const allTenancies = await prismaClient.tenants.findMany(\nToo many database connections opened: FATAL: remaining connection slots are reserved for roles with the SUPERUSER attribute\nPrisma Accelerate has built-in connection pooling to prevent such errors: https://pris.ly/client/error-accelerate","level":"error","message":"An unexpected database error occurred","prismaCode":"P2037","service":"api-service","timestamp":"2025-10-25 16:46:41"}
{"details":"\nInvalid `prismaClient.tenants.findMany()` invocation in\n/Users/timmy/Desktop/merge_items/asher_backy/src/services/PerformanceCalculator.ts:114:54\n\n  111 \n  112 private async calculateUtilityCompliance(userId: string): Promise<number> {\n  113     // Get ALL tenancies for this user\n→ 114     const tenancies = await prismaClient.tenants.findMany(\nToo many database connections opened: FATAL: remaining connection slots are reserved for roles with the SUPERUSER attribute\nPrisma Accelerate has built-in connection pooling to prevent such errors: https://pris.ly/client/error-accelerate","level":"error","message":"An unexpected database error occurred","prismaCode":"P2037","service":"api-service","timestamp":"2025-10-25 16:50:00"}
{"level":"info","message":"Scheduled bill checks initialized","service":"api-service","timestamp":"2025-10-25 17:32:30"}
{"details":"\nInvalid `prismaClient.inspection.findMany()` invocation in\n/Users/timmy/Desktop/merge_items/asher_backy/src/services/PerformanceCalculator.ts:450:59\n\n  447 }\n  448 private async calculateInspectionConsistency(userId: string): Promise<number> {\n  449     // Get all inspections for the tenant across all properties\n→ 450     const inspections = await prismaClient.inspection.findMany(\nToo many database connections opened: FATAL: remaining connection slots are reserved for roles with the SUPERUSER attribute\nPrisma Accelerate has built-in connection pooling to prevent such errors: https://pris.ly/client/error-accelerate","level":"error","message":"An unexpected database error occurred","prismaCode":"P2037","service":"api-service","timestamp":"2025-10-25 18:59:04"}
{"details":"\nInvalid `prismaClient.violation.findMany()` invocation in\n/Users/timmy/Desktop/merge_items/asher_backy/src/services/PerformanceCalculator.ts:785:36\n\n  782 private async calculateAgreementCompliance(userId: string): Promise<number> {\n  783     // Get all relevant violations and lease breaches\n  784     const [violations, leaseBreaches] = await Promise.all([\n→ 785         prismaClient.violation.findMany(\nToo many database connections opened: FATAL: sorry, too many clients already\nPrisma Accelerate has built-in connection pooling to prevent such errors: https://pris.ly/client/error-accelerate","level":"error","message":"An unexpected database error occurred","prismaCode":"P2037","service":"api-service","timestamp":"2025-10-25 19:10:41"}
